
                            < M A T L A B (R) >
                  Copyright 1984-2016 The MathWorks, Inc.
                   R2016a (9.0.0.341360) 64-bit (glnxa64)
                             February 11, 2016

 
To get started, type one of these: helpwin, helpdesk, or demo.
For product information, visit www.mathworks.com.
 

	Academic License

{Assertion failed.
} 
{Assertion failed.
} 
Starting parallel pool (parpool) using the 'local' profile ... connected to 12 workers.

                           Best       max        Stall
Generation  f-count        f(x)     constraint  Generations
    1       1060000     0.0515335            0      0
    2       2100000     0.0515335            0      0
    3       3140000     0.0515335            0      0
    4       4180000     0.0515335            0      0
Optimization terminated: average change in the fitness value less than options.FunctionTolerance
 and constraint violation is less than options.ConstraintTolerance.
Elapsed time is 11490.629664 seconds.
